[2009-02-12 21:32:19] INFO    Booting
[2009-02-12 21:33:28] INFO    Booting
[2009-02-12 22:05:09] INFO    Booting
[2009-02-12 22:17:02] INFO    Booting
[2009-02-12 22:18:51] INFO    Booting
[2009-02-12 22:19:23] INFO    Booting
[2009-02-12 22:26:28] INFO    Booting
[2009-02-12 22:27:26] INFO    Booting
[2009-02-12 22:27:34] INFO    Booting
[2009-02-12 22:28:56] INFO    Booting
[2009-02-12 22:29:05] INFO    Booting
[2009-02-12 22:29:11] INFO    Booting
[2009-02-12 22:32:16] INFO    Booting
[2009-02-12 22:32:29] INFO    Booting
[2009-02-12 22:34:34] INFO    Booting
[2009-02-12 22:34:55] INFO    Booting
[2009-02-12 22:35:07] INFO    Booting
[2009-02-12 22:35:59] INFO    Booting
[2009-02-12 22:38:05] INFO    Booting
[2009-02-12 22:39:18] INFO    Booting
[2009-02-12 22:39:28] INFO    Booting
[2009-02-12 22:39:38] INFO    Booting
[2009-02-12 22:41:20] INFO    Booting
[2009-02-12 22:41:33] INFO    Booting
[2009-02-12 22:42:27] INFO    Booting
[2009-02-12 22:43:12] INFO    Booting
[2009-02-12 22:45:32] INFO    Booting
[2009-02-12 22:45:40] INFO    Booting
[2009-02-12 22:45:47] INFO    Booting
[2009-02-12 22:45:54] INFO    Booting
[2009-02-12 22:46:15] INFO    Booting
[2009-02-12 22:46:17] INFO    Booting
[2009-02-12 22:46:23] INFO    Booting
[2009-02-12 22:46:27] INFO    Booting
[2009-02-12 22:46:31] INFO    Booting
[2009-02-12 22:46:38] INFO    Booting
[2009-02-12 22:47:22] INFO    Booting
[2009-02-12 22:48:35] INFO    Booting
[2009-02-12 22:48:47] INFO    Booting
[2009-02-12 22:49:02] INFO    Booting
[2009-02-12 22:49:40] INFO    Booting
[2009-02-12 22:50:01] INFO    Booting
[2009-02-12 22:50:43] INFO    Booting
[2009-02-12 22:50:58] INFO    Booting
[2009-02-12 22:51:26] INFO    Booting
[2009-02-12 22:53:00] INFO    Booting
[2009-02-12 22:55:07] INFO    Booting
[2009-02-12 23:01:16] core INFO    Booting
[20090212 23:01:39] core INFO    Booting
[2009-02-12 23:02:01] core INFO    Booting
[2009-02-12 23:02:25] core INFO    Booting
[2009-02-12 23:03:13] core INFO    Booting
[2009-02-12 23:03:20] core INFO    Booting
[2009-02-12 23:03:20] services DEBUG   Service initialised
[2009-02-12 23:03:20] services DEBUG   Getting plugins by capabilities: ,
[2009-02-12 23:03:48] core INFO    Booting
[2009-02-12 23:03:48] serv DEBUG   Service initialised
[2009-02-12 23:03:48] serv DEBUG   Getting plugins by capabilities: ,
[2009-02-12 23:04:31] core	INFO    Booting
[2009-02-12 23:04:31] services	DEBUG   Service initialised
[2009-02-12 23:04:31] services	DEBUG   Getting plugins by capabilities: ,
[2009-02-12 23:04:59] core	INFO    Booting
[2009-02-12 23:04:59] services	DEBUG   Service initialised
[2009-02-12 23:04:59] services	DEBUG   Getting plugins by capabilities: ,
[2009-02-12 23:06:05] core	INFO    Booting
[2009-02-12 23:06:05] services	DEBUG   Service initialised
[2009-02-12 23:06:05] services	DEBUG   Getting plugins by capabilities: console
[2009-02-12 23:06:48] core	INFO    Bootstrap, starting up...
[2009-02-12 23:06:48] services	DEBUG   Service initialised
[2009-02-12 23:06:48] services	DEBUG   Getting plugins by capabilities: console
[2009-02-12 23:13:44] core	INFO    Bootstrap, starting up...
[2009-02-12 23:13:44] services	DEBUG   Service initialised
[2009-02-12 23:13:44] services	DEBUG   Getting plugins by capabilities: console
[2009-02-12 23:14:21] core	INFO    Bootstrap, starting up...
[2009-02-12 23:14:21] services	DEBUG   Service initialised
[2009-02-12 23:14:21] services	DEBUG   Getting plugins by capabilities: console
[2009-02-12 23:14:49] core	INFO    Bootstrap, starting up...
[2009-02-12 23:14:49] services	DEBUG   Service initialised
[2009-02-12 23:14:49] services	DEBUG   Getting plugins by capabilities: console
[2009-02-12 23:15:56] core	INFO    Bootstrap, starting up...
[2009-02-12 23:15:56] services	DEBUG   Service initialised
[2009-02-12 23:15:56] services	DEBUG   Getting plugins by capabilities: console
[2009-02-12 23:16:07] core	INFO    Bootstrap, starting up...
[2009-02-12 23:16:07] services	DEBUG   Service initialised
[2009-02-12 23:16:07] services	DEBUG   Getting plugins by capabilities: console
[2009-02-12 23:17:01] core	INFO    Bootstrap, starting up...
[2009-02-12 23:17:01] services	DEBUG   Service initialised
[2009-02-12 23:17:01] services	DEBUG   Getting plugins by capabilities: console
[2009-02-12 23:17:55] core	INFO    Bootstrap, starting up...
[2009-02-12 23:17:55] services	DEBUG   Service initialised
[2009-02-12 23:17:55] services	DEBUG   Getting plugins by capabilities: console
[2009-02-12 23:18:02] core	INFO    Bootstrap, starting up...
[2009-02-12 23:18:02] services	DEBUG   Service initialised
[2009-02-12 23:18:02] services	DEBUG   Getting plugins by capabilities: console
[2009-02-12 23:18:11] core	INFO    Bootstrap, starting up...
[2009-02-12 23:18:11] services	DEBUG   Service initialised
[2009-02-12 23:18:11] services	DEBUG   Getting plugins by capabilities: console
[2009-02-12 23:18:16] core	INFO    Bootstrap, starting up...
[2009-02-12 23:18:16] services	DEBUG   Service initialised
[2009-02-12 23:18:16] services	DEBUG   Getting plugins by capabilities: console
[2009-02-12 23:18:49] core	INFO    Bootstrap, starting up...
[2009-02-12 23:18:49] services	DEBUG   Service initialised
[2009-02-12 23:18:49] services	DEBUG   Getting plugins by capabilities: console
[2009-02-12 23:18:54] core	INFO    Bootstrap, starting up...
[2009-02-12 23:18:54] services	DEBUG   Service initialised
[2009-02-12 23:18:54] services	DEBUG   Getting plugins by capabilities: console
[2009-02-12 23:19:17] core	INFO    Bootstrap, starting up...
[2009-02-12 23:19:17] services	DEBUG   Service initialised
[2009-02-12 23:19:17] services	DEBUG   Getting plugins by capabilities: console
[2009-02-12 23:19:55] core	INFO    Bootstrap, starting up...
[2009-02-12 23:19:55] services	DEBUG   Service initialised
[2009-02-12 23:19:55] services	DEBUG   Getting plugins by capabilities: console
[2009-02-12 23:21:15] core	INFO    Bootstrap, starting up...
[2009-02-12 23:21:15] services	DEBUG   Service initialised
[2009-02-12 23:21:15] services	DEBUG   Getting plugins by capabilities: console
[2009-02-12 23:21:15] services	DEBUG   ['Missing parameter: message']
[2009-02-12 23:21:25] core	INFO    Bootstrap, starting up...
[2009-02-12 23:21:25] services	DEBUG   Service initialised
[2009-02-12 23:21:25] services	DEBUG   Getting plugins by capabilities: console
[2009-02-12 23:21:25] services	DEBUG   ['Missing parameter: message']
[2009-02-12 23:23:28] core	INFO    Bootstrap, starting up...
[2009-02-12 23:23:28] services	DEBUG   Service initialised
[2009-02-12 23:23:28] services	DEBUG   Getting plugins by capabilities: console
[2009-02-12 23:23:28] services	DEBUG   Missing plugin payload parameters: ,
[2009-02-12 23:23:51] core	INFO    Bootstrap, starting up...
[2009-02-12 23:23:51] services	DEBUG   Service initialised
[2009-02-12 23:23:51] services	DEBUG   Getting plugins by capabilities: console
[2009-02-12 23:23:51] services	DEBUG   Missing plugin payload parameters: Missing parameter: message
[2009-02-12 23:27:40] core	INFO    Bootstrap, starting up...
[2009-02-12 23:27:40] services	DEBUG   Service initialised
[2009-02-12 23:27:40] services	DEBUG   Getting plugins by capabilities: console
[2009-02-12 23:27:40] services	DEBUG   Missing plugin payload parameters: Missing parameter: message
[2009-02-12 23:27:53] core	INFO    Bootstrap, starting up...
[2009-02-12 23:27:53] services	DEBUG   Service initialised
[2009-02-12 23:27:53] services	DEBUG   Getting plugins by capabilities: console
[2009-02-12 23:27:53] services	DEBUG   Missing plugin payload parameters: 
[2009-02-12 23:28:35] core	INFO    Bootstrap, starting up...
[2009-02-12 23:28:35] services	DEBUG   Service initialised
[2009-02-12 23:28:35] services	DEBUG   Getting plugins by capabilities: console
[2009-02-12 23:28:52] core	INFO    Bootstrap, starting up...
[2009-02-12 23:28:52] services	DEBUG   Service initialised
[2009-02-12 23:28:52] services	DEBUG   Getting plugins by capabilities: console
[2009-02-12 23:28:52] services	DEBUG   Executing 'dummy' [age%s: %s, message%s: %s, name]
[2009-02-12 23:29:46] core	INFO    Bootstrap, starting up...
[2009-02-12 23:29:46] services	DEBUG   Service initialised
[2009-02-12 23:29:46] services	DEBUG   Getting plugins by capabilities: console
[2009-02-12 23:29:46] services	DEBUG   Executing 'dummy' [{'age': 12, 'message': 'FUCK', 'name': 'Louis'}]
[2009-02-12 23:29:56] core	INFO    Bootstrap, starting up...
[2009-02-12 23:29:56] services	DEBUG   Service initialised
[2009-02-12 23:29:56] services	DEBUG   Getting plugins by capabilities: console
[2009-02-12 23:29:56] services	DEBUG   Executing 'dummy': {'age': 12, 'message': 'FUCK', 'name': 'Louis'}
[2009-02-12 23:30:31] core	INFO    Bootstrap, starting up...
[2009-02-12 23:30:31] services	DEBUG   Service initialised
[2009-02-12 23:30:31] services	DEBUG   Getting plugins by capabilities: console
[2009-02-12 23:30:31] services	INFO    Executing 'dummy': {'age': 12, 'message': 'FUCK', 'name': 'Louis'}
[2009-02-12 23:32:27] core	INFO    Bootstrap, starting up...
[2009-02-12 23:32:27] services	INFO    Service initialised
[2009-02-12 23:32:27] services	DEBUG   Getting plugins by capabilities: console
[2009-02-12 23:32:27] services	DEBUG   Executing 'dummy': {'age': 12, 'message': 'FUCK', 'name': 'Louis'}
[2009-02-12 23:32:27] services	INFO    DummyPlugin
[2009-02-12 23:45:16] core	INFO    Bootstrap, starting up...
[2009-02-12 23:45:16] services	INFO    Service initialised
[2009-02-12 23:45:16] services	DEBUG   Getting plugins by capabilities: console
[2009-02-12 23:45:16] services	DEBUG   Executing 'dummy': {'age': 12, 'message': 'FUCK', 'name': 'Louis'}
[2009-02-12 23:45:16] services	INFO    DummyPlugin
[2009-02-13 09:03:52] core	INFO    Bootstrap, starting up...
[2009-02-13 09:03:52] services	INFO    Service initialised
[2009-02-13 09:03:52] services	DEBUG   Getting plugins by capabilities: console
[2009-02-13 09:03:52] services	DEBUG   Executing 'dummy': {'age': 12, 'message': 'FUCK', 'name': 'Louis'}
[2009-02-13 09:03:52] services	INFO    DummyPlugin
[2009-02-13 09:09:43] core	INFO    Bootstrap, starting up...
[2009-02-13 09:09:43] services	INFO    Service initialised
[2009-02-13 09:09:43] services	DEBUG   Getting plugins by capabilities: console
[2009-02-13 09:09:43] services	DEBUG   Executing 'dummy': {'age': 12, 'message': 'FUCK', 'name': 'Louis'}
[2009-02-13 09:09:43] services	INFO    DummyPlugin
[2009-02-13 09:10:15] core	INFO    Bootstrap, starting up...
[2009-02-13 09:10:15] services	INFO    Service initialised
[2009-02-13 09:10:15] services	DEBUG   Getting plugins by capabilities: console
[2009-02-13 09:10:15] services	DEBUG   Executing 'dummy': {'age': 12, 'message': 'FUCK', 'name': 'Louis'}
[2009-02-13 09:10:15] services	INFO    DummyPlugin
[2009-02-13 09:11:08] core	INFO    Bootstrap, starting up...
[2009-02-13 09:11:08] services	INFO    Service initialised
[2009-02-13 09:11:08] services	DEBUG   Getting plugins by capabilities: console
[2009-02-13 09:11:08] services	DEBUG   Executing 'dummy': {'age': 12, 'message': 'FUCK', 'name': 'Louis'}
[2009-02-13 09:11:08] services	INFO    DummyPlugin
[2009-02-13 10:26:28] core	INFO    Bootstrap, starting up...
[2009-02-13 10:26:28] services	INFO    Service initialised
[2009-02-13 10:26:28] services	DEBUG   Getting plugins by capabilities: console
[2009-02-13 10:26:28] services	DEBUG   Executing 'dummy': {'age': 12, 'message': 'FUCK', 'name': 'Louis'}
[2009-02-13 10:26:28] services	INFO    DummyPlugin
[2009-02-13 10:29:06] core	INFO    Bootstrap, starting up...
[2009-02-13 10:29:06] services	INFO    Service initialised
[2009-02-13 10:29:06] services	DEBUG   Getting plugins by capabilities: console
[2009-02-13 10:29:06] services	DEBUG   Executing 'dummy': {'age': 12, 'message': 'FUCK', 'name': 'Louis'}
[2009-02-13 10:29:06] services	INFO    DummyPlugin
[2009-02-13 10:30:03] core	INFO    Bootstrap, starting up...
[2009-02-13 10:30:03] services	INFO    Service initialised
[2009-02-13 10:30:03] services	DEBUG   Getting plugins by capabilities: console
[2009-02-13 10:30:03] services	DEBUG   Executing 'dummy': {'age': 12, 'message': 'FUCK', 'name': 'Louis'}
[2009-02-13 10:30:03] services	INFO    DummyPlugin
[2009-02-13 10:31:10] core	INFO    Bootstrap, starting up...
[2009-02-13 10:31:10] services	INFO    Service initialised
[2009-02-13 10:31:10] services	DEBUG   Getting plugins by capabilities: console
[2009-02-13 10:31:10] services	DEBUG   Executing 'dummy': {'age': 12, 'message': 'FUCK', 'name': 'Louis'}
[2009-02-13 10:31:10] services	INFO    DummyPlugin
[2009-02-13 10:32:06] core	INFO    Bootstrap, starting up...
[2009-02-13 10:32:06] services	INFO    Service initialised
[2009-02-13 10:32:06] services	DEBUG   Getting plugins by capabilities: console
[2009-02-13 10:32:06] services	DEBUG   Executing 'dummy': {'age': 12, 'message': 'FUCK', 'name': 'Louis'}
[2009-02-13 10:32:06] services	INFO    DummyPlugin
[2009-02-13 10:32:28] core	INFO    Bootstrap, starting up...
[2009-02-13 10:32:28] services	INFO    Service initialised
[2009-02-13 10:32:28] services	INFO    Database initialised
[2009-02-13 10:32:28] services	DEBUG   Getting plugins by capabilities: console
[2009-02-13 10:32:28] services	DEBUG   Executing 'dummy': {'age': 12, 'message': 'FUCK', 'name': 'Louis'}
[2009-02-13 10:32:28] services	INFO    DummyPlugin
[2009-02-13 10:32:46] core	INFO    Bootstrap, starting up...
[2009-02-13 10:32:46] services	INFO    Service initialised
[2009-02-13 10:32:46] services	INFO    Database initialised
[2009-02-13 10:32:54] core	INFO    Bootstrap, starting up...
[2009-02-13 10:32:54] services	INFO    Service initialised
[2009-02-13 10:32:54] services	INFO    Database initialised
[2009-02-13 10:32:54] services	DEBUG   Getting plugins by capabilities: console
[2009-02-13 10:32:54] services	DEBUG   Executing 'dummy': {'age': 12, 'message': 'FUCK', 'name': 'Louis'}
[2009-02-13 10:32:54] services	INFO    DummyPlugin
[2009-02-13 10:33:15] core	INFO    Bootstrap, starting up...
[2009-02-13 10:33:15] services	INFO    Service initialised
[2009-02-13 10:33:15] services	INFO    Database initialised
[2009-02-13 10:33:15] services	DEBUG   Getting plugins by capabilities: console
[2009-02-13 10:33:15] services	DEBUG   Executing 'dummy': {'age': 12, 'message': 'FUCK', 'name': 'Louis'}
[2009-02-13 10:33:15] services	INFO    DummyPlugin
[2009-02-13 10:34:11] core	INFO    Bootstrap, starting up...
[2009-02-13 10:34:11] services	INFO    Service initialised
[2009-02-13 10:34:11] services	INFO    Database initialised
[2009-02-13 10:34:11] services	DEBUG   Getting plugins by capabilities: console
[2009-02-13 10:34:11] services	DEBUG   Executing 'dummy': {'age': 12, 'message': 'FUCK', 'name': 'Louis'}
[2009-02-13 10:34:11] services	INFO    DummyPlugin
[2009-02-13 10:36:16] core	INFO    Bootstrap, starting up...
[2009-02-13 10:36:16] services	INFO    Service initialised
[2009-02-13 10:36:16] services	INFO    Database initialised
[2009-02-13 10:36:16] services	DEBUG   Getting plugins by capabilities: console
[2009-02-13 10:36:16] services	DEBUG   Executing 'dummy': {'age': 12, 'message': 'FUCK', 'name': 'Louis'}
[2009-02-13 10:36:16] services	INFO    DummyPlugin
[2009-02-13 10:37:00] core	INFO    Bootstrap, starting up...
[2009-02-13 10:37:00] services	INFO    Service initialised
[2009-02-13 10:37:00] services	INFO    Database initialised
[2009-02-13 10:37:00] services	DEBUG   Getting plugins by capabilities: console
[2009-02-13 10:37:00] services	DEBUG   Executing 'dummy': {'age': 12, 'message': 'FUCK', 'name': 'Louis'}
[2009-02-13 10:37:00] services	INFO    DummyPlugin
[2009-02-13 10:37:47] core	INFO    Bootstrap, starting up...
[2009-02-13 10:37:47] services	INFO    Service initialised
[2009-02-13 10:37:47] services	INFO    Database initialised
[2009-02-13 10:37:47] services	DEBUG   Getting plugins by capabilities: console
[2009-02-13 10:37:47] services	DEBUG   Executing 'dummy': {'age': 12, 'message': 'FUCK', 'name': 'Louis'}
[2009-02-13 10:37:47] services	INFO    DummyPlugin
[2009-02-13 10:38:08] core	INFO    Bootstrap, starting up...
[2009-02-13 10:38:20] core	INFO    Bootstrap, starting up...
[2009-02-13 10:38:20] core	DEBUG   Args: 
[2009-02-13 10:38:20] services	INFO    Service initialised
[2009-02-13 10:38:20] services	INFO    Database initialised
[2009-02-13 10:38:20] services	DEBUG   Getting plugins by capabilities: console
[2009-02-13 10:38:20] services	DEBUG   Executing 'dummy': {'age': 12, 'message': 'FUCK', 'name': 'Louis'}
[2009-02-13 10:38:20] services	INFO    DummyPlugin
[2009-02-13 10:38:22] core	INFO    Bootstrap, starting up...
[2009-02-13 10:38:22] core	DEBUG   Args: louis
[2009-02-13 10:38:22] services	INFO    Service initialised
[2009-02-13 10:38:22] services	INFO    Database initialised
[2009-02-13 10:38:22] services	DEBUG   Getting plugins by capabilities: console
[2009-02-13 10:38:22] services	DEBUG   Executing 'dummy': {'age': 12, 'message': 'FUCK', 'name': 'Louis'}
[2009-02-13 10:38:22] services	INFO    DummyPlugin
[2009-02-13 10:38:25] core	INFO    Bootstrap, starting up...
[2009-02-13 10:38:25] core	DEBUG   Args: louisking
[2009-02-13 10:38:25] services	INFO    Service initialised
[2009-02-13 10:38:25] services	INFO    Database initialised
[2009-02-13 10:38:25] services	DEBUG   Getting plugins by capabilities: console
[2009-02-13 10:38:25] services	DEBUG   Executing 'dummy': {'age': 12, 'message': 'FUCK', 'name': 'Louis'}
[2009-02-13 10:38:25] services	INFO    DummyPlugin
[2009-02-13 10:38:35] core	INFO    Bootstrap, starting up...
[2009-02-13 10:38:35] core	DEBUG   Args: louis king
[2009-02-13 10:38:35] services	INFO    Service initialised
[2009-02-13 10:38:35] services	INFO    Database initialised
[2009-02-13 10:38:35] services	DEBUG   Getting plugins by capabilities: console
[2009-02-13 10:38:35] services	DEBUG   Executing 'dummy': {'age': 12, 'message': 'FUCK', 'name': 'Louis'}
[2009-02-13 10:38:35] services	INFO    DummyPlugin
[2009-02-13 10:38:46] core	INFO    Bootstrap, starting up...
[2009-02-13 10:38:46] core	DEBUG   Startup arguments: louis king
[2009-02-13 10:38:46] services	INFO    Service initialised
[2009-02-13 10:38:46] services	INFO    Database initialised
[2009-02-13 10:38:46] services	DEBUG   Getting plugins by capabilities: console
[2009-02-13 10:38:46] services	DEBUG   Executing 'dummy': {'age': 12, 'message': 'FUCK', 'name': 'Louis'}
[2009-02-13 10:38:46] services	INFO    DummyPlugin
[2009-02-13 10:39:18] core	INFO    Bootstrap, starting up...
[2009-02-13 10:39:18] core	DEBUG   Startup arguments: louis king
[2009-02-13 10:39:18] services	INFO    Service initialised
[2009-02-13 10:39:18] services	INFO    Database initialised
[2009-02-13 10:39:18] services	DEBUG   Getting plugins by capabilities: console
[2009-02-13 10:39:18] services	DEBUG   Executing 'dummy': {'age': 12, 'message': 'FUCK', 'name': 'Louis'}
[2009-02-13 10:39:18] services	INFO    DummyPlugin
[2009-02-13 10:39:56] core	INFO    Bootstrap, starting up...
[2009-02-13 10:39:56] core	DEBUG   Startup arguments: louis king
[2009-02-13 10:40:09] core	INFO    Bootstrap, starting up...
[2009-02-13 10:40:09] core	DEBUG   Startup arguments: louis king
[2009-02-13 10:41:39] core	INFO    Bootstrap, starting up...
[2009-02-13 10:41:39] core	DEBUG   Startup arguments: louis king
[2009-02-13 10:41:39] services	INFO    Service initialised
[2009-02-13 10:41:39] services	INFO    Database initialised
[2009-02-13 10:41:39] services	DEBUG   Getting plugins by capabilities: console
[2009-02-13 10:41:39] services	DEBUG   Executing 'dummy': {'age': 12, 'message': 'FUCK', 'name': 'Louis'}
[2009-02-13 10:41:39] services	INFO    DummyPlugin
[2009-02-13 10:41:43] core	INFO    Bootstrap, starting up...
[2009-02-13 10:41:43] core	DEBUG   Startup arguments: --help
[2009-02-13 10:42:14] core	INFO    Bootstrap, starting up...
[2009-02-13 10:42:14] core	DEBUG   Startup arguments: --help
[2009-02-13 10:42:38] core	INFO    Bootstrap, starting up...
[2009-02-13 10:42:58] core	INFO    Bootstrap, starting up...
[2009-02-13 10:43:05] core	INFO    Bootstrap, starting up...
[2009-02-13 10:43:05] services	INFO    Service initialised
[2009-02-13 10:43:05] services	INFO    Database initialised
[2009-02-13 10:43:05] services	DEBUG   Getting plugins by capabilities: console
[2009-02-13 10:43:05] services	DEBUG   Executing 'dummy': {'age': 12, 'message': 'FUCK', 'name': 'Louis'}
[2009-02-13 10:43:05] services	INFO    DummyPlugin
[2009-02-13 10:43:08] core	INFO    Bootstrap, starting up...
[2009-02-13 10:43:40] core	INFO    Bootstrap, starting up...
[2009-02-13 10:44:00] core	INFO    Bootstrap, starting up...
[2009-02-13 10:44:03] core	INFO    Bootstrap, starting up...
[2009-02-13 10:44:03] services	INFO    Service initialised
[2009-02-13 10:44:03] services	INFO    Database initialised
[2009-02-13 10:44:03] services	DEBUG   Getting plugins by capabilities: console
[2009-02-13 10:44:03] services	DEBUG   Executing 'dummy': {'age': 12, 'message': 'FUCK', 'name': 'Louis'}
[2009-02-13 10:44:03] services	INFO    DummyPlugin
[2009-02-13 10:44:43] core	INFO    Bootstrap, starting up...
[2009-02-13 10:44:43] services	INFO    Service initialised
[2009-02-13 10:44:43] services	INFO    Database initialised
[2009-02-13 10:44:43] services	DEBUG   Getting plugins by capabilities: console
[2009-02-13 10:44:43] services	DEBUG   Executing 'dummy': {'age': 12, 'message': 'FUCK', 'name': 'Louis'}
[2009-02-13 10:44:43] services	INFO    DummyPlugin
[2009-02-13 10:45:31] core	INFO    Bootstrap, starting up...
[2009-02-13 10:45:31] services	INFO    Service initialised
[2009-02-13 10:45:31] services	INFO    Database initialised
[2009-02-13 10:45:31] services	DEBUG   Getting plugins by capabilities: console
[2009-02-13 10:45:31] services	DEBUG   Executing 'dummy': {'age': 12, 'message': 'FUCK', 'name': 'Louis'}
[2009-02-13 10:45:31] services	INFO    DummyPlugin
[2009-02-13 10:46:26] core	INFO    Bootstrap, starting up...
[2009-02-13 10:46:26] services	INFO    Service initialised
[2009-02-13 10:46:26] services	INFO    Database initialised
[2009-02-13 10:46:26] services	DEBUG   Getting plugins by capabilities: console
[2009-02-13 10:46:26] services	DEBUG   Executing 'dummy': {'age': 12, 'message': 'FUCK', 'name': 'Louis'}
[2009-02-13 10:46:26] services	INFO    DummyPlugin
[2009-02-13 10:46:29] core	INFO    Bootstrap, starting up...
[2009-02-13 10:46:59] core	INFO    Bootstrap, starting up...
[2009-02-13 10:46:59] services	INFO    Service initialised
[2009-02-13 10:46:59] services	INFO    Database initialised
[2009-02-13 10:46:59] services	DEBUG   Getting plugins by capabilities: console
[2009-02-13 10:46:59] services	DEBUG   Executing 'dummy': {'age': 12, 'message': 'FUCK', 'name': 'Louis'}
[2009-02-13 10:46:59] services	INFO    DummyPlugin
[2009-02-13 10:47:03] core	INFO    Bootstrap, starting up...
[2009-02-13 10:47:03] services	INFO    Service initialised
[2009-02-13 10:47:03] services	INFO    Database initialised
[2009-02-13 10:47:03] services	DEBUG   Getting plugins by capabilities: console
[2009-02-13 10:47:03] services	DEBUG   Executing 'dummy': {'age': 12, 'message': 'FUCK', 'name': 'Louis'}
[2009-02-13 10:47:03] services	INFO    DummyPlugin
[2009-02-13 10:47:31] core	INFO    Bootstrap, starting up...
[2009-02-13 10:47:44] core	INFO    Bootstrap, starting up...
[2009-02-13 10:47:47] core	INFO    Bootstrap, starting up...
[2009-02-13 10:47:55] core	INFO    Bootstrap, starting up...
[2009-02-13 10:47:55] services	INFO    Service initialised
[2009-02-13 10:47:55] services	INFO    Database initialised
[2009-02-13 10:47:55] services	DEBUG   Getting plugins by capabilities: console
[2009-02-13 10:47:55] services	DEBUG   Executing 'dummy': {'age': 12, 'message': 'FUCK', 'name': 'Louis'}
[2009-02-13 10:47:55] services	INFO    DummyPlugin
[2009-02-13 10:48:01] core	INFO    Bootstrap, starting up...
[2009-02-13 10:48:01] services	INFO    Service initialised
[2009-02-13 10:48:01] services	INFO    Database initialised
[2009-02-13 10:48:01] services	DEBUG   Getting plugins by capabilities: console
[2009-02-13 10:48:01] services	DEBUG   Executing 'dummy': {'age': 12, 'message': 'FUCK', 'name': 'Louis'}
[2009-02-13 10:48:01] services	INFO    DummyPlugin
[2009-02-13 10:48:03] core	INFO    Bootstrap, starting up...
[2009-02-13 10:48:03] services	INFO    Service initialised
[2009-02-13 10:48:03] services	INFO    Database initialised
[2009-02-13 10:48:03] services	DEBUG   Getting plugins by capabilities: console
[2009-02-13 10:48:03] services	DEBUG   Executing 'dummy': {'age': 12, 'message': 'FUCK', 'name': 'Louis'}
[2009-02-13 10:48:03] services	INFO    DummyPlugin
[2009-02-13 10:48:16] core	INFO    Bootstrap, starting up...
[2009-02-13 10:48:16] services	INFO    Service initialised
[2009-02-13 10:48:16] services	INFO    Database initialised
[2009-02-13 10:48:16] services	DEBUG   Getting plugins by capabilities: console
[2009-02-13 10:48:16] services	DEBUG   Executing 'dummy': {'age': 12, 'message': 'FUCK', 'name': 'Louis'}
[2009-02-13 10:48:16] services	INFO    DummyPlugin
[2009-02-13 10:49:35] core	INFO    Bootstrap, starting up...
[2009-02-13 10:49:35] services	INFO    Service initialised
[2009-02-13 10:49:35] services	INFO    Database initialised
[2009-02-13 10:49:35] services	DEBUG   Getting plugins by capabilities: console
[2009-02-13 10:49:35] services	DEBUG   Executing 'dummy': {'age': 12, 'message': 'FUCK', 'name': 'Louis'}
[2009-02-13 10:49:35] services	INFO    DummyPlugin
[2009-02-13 10:49:44] core	INFO    Bootstrap, starting up...
[2009-02-13 10:49:44] services	INFO    Service initialised
[2009-02-13 10:49:44] services	INFO    Debug Mode
[2009-02-13 10:49:44] services	INFO    Database initialised
[2009-02-13 10:49:44] services	DEBUG   Getting plugins by capabilities: console
[2009-02-13 10:49:44] services	DEBUG   Executing 'dummy': {'age': 12, 'message': 'FUCK', 'name': 'Louis'}
[2009-02-13 10:49:44] services	INFO    DummyPlugin
[2009-02-13 10:49:47] core	INFO    Bootstrap, starting up...
[2009-02-13 10:49:47] services	INFO    Service initialised
[2009-02-13 10:49:47] services	INFO    Database initialised
[2009-02-13 10:49:47] services	DEBUG   Getting plugins by capabilities: console
[2009-02-13 10:49:47] services	DEBUG   Executing 'dummy': {'age': 12, 'message': 'FUCK', 'name': 'Louis'}
[2009-02-13 10:49:47] services	INFO    DummyPlugin
[2009-02-13 10:49:51] core	INFO    Bootstrap, starting up...
[2009-02-13 10:49:51] services	INFO    Service initialised
[2009-02-13 10:49:51] services	INFO    Debug Mode
[2009-02-13 10:49:51] services	INFO    Database initialised
[2009-02-13 10:49:51] services	DEBUG   Getting plugins by capabilities: console
[2009-02-13 10:49:51] services	DEBUG   Executing 'dummy': {'age': 12, 'message': 'FUCK', 'name': 'Louis'}
[2009-02-13 10:49:51] services	INFO    DummyPlugin
[2009-02-13 10:49:52] core	INFO    Bootstrap, starting up...
[2009-02-13 10:49:52] services	INFO    Service initialised
[2009-02-13 10:49:52] services	INFO    Database initialised
[2009-02-13 10:49:52] services	DEBUG   Getting plugins by capabilities: console
[2009-02-13 10:49:52] services	DEBUG   Executing 'dummy': {'age': 12, 'message': 'FUCK', 'name': 'Louis'}
[2009-02-13 10:49:52] services	INFO    DummyPlugin
[2009-02-13 10:50:28] core	INFO    Bootstrap, starting up...
[2009-02-13 10:50:28] services	INFO    Service initialised
[2009-02-13 10:50:28] services	INFO    Database initialised
[2009-02-13 10:50:28] services	DEBUG   Getting plugins by capabilities: console
[2009-02-13 10:50:28] services	DEBUG   Executing 'dummy': {'age': 12, 'message': 'FUCK', 'name': 'Louis'}
[2009-02-13 10:50:28] services	INFO    DummyPlugin
[2009-02-13 10:50:59] core	INFO    Bootstrap, starting up...
[2009-02-13 10:50:59] services	INFO    Service initialised
[2009-02-13 10:50:59] services	INFO    Database initialised
[2009-02-13 10:50:59] services	DEBUG   Getting plugins by capabilities: console
[2009-02-13 10:50:59] services	DEBUG   Executing 'dummy': {'age': 12, 'message': 'FUCK', 'name': 'Louis'}
[2009-02-13 10:50:59] services	INFO    DummyPlugin
[2009-02-13 10:51:06] core	INFO    Bootstrap, starting up...
[2009-02-13 10:51:06] services	INFO    Service initialised
[2009-02-13 10:51:13] core	INFO    Bootstrap, starting up...
[2009-02-13 10:51:13] services	INFO    Service initialised
[2009-02-13 10:51:45] core	INFO    Bootstrap, starting up...
[2009-02-13 10:52:05] core	INFO    Bootstrap, starting up...
[2009-02-13 10:52:15] core	INFO    Bootstrap, starting up...
[2009-02-13 10:52:28] core	INFO    Bootstrap, starting up...
[2009-02-13 10:52:28] services	INFO    Debug Mode
[2009-02-13 10:52:28] services	INFO    Database initialised
[2009-02-13 10:52:28] services	DEBUG   Getting plugins by capabilities: console
[2009-02-13 10:52:28] services	DEBUG   Executing 'dummy': {'age': 12, 'message': 'FUCK', 'name': 'Louis'}
[2009-02-13 10:52:28] services	INFO    DummyPlugin
[2009-02-13 10:53:22] core	INFO    Bootstrap, starting up...
[2009-02-13 10:53:22] services	INFO    Debug Mode
[2009-02-13 10:53:22] services	INFO    Database initialised
[2009-02-13 10:53:22] services	DEBUG   Getting plugins by capabilities: console
[2009-02-13 10:53:22] services	DEBUG   Executing 'dummy': {'age': 12, 'message': 'FUCK', 'name': 'Louis'}
[2009-02-13 10:53:22] services	INFO    DummyPlugin
[2009-02-13 10:53:25] core	INFO    Bootstrap, starting up...
[2009-02-13 10:53:25] services	INFO    Database initialised
[2009-02-13 10:53:25] services	INFO    DummyPlugin
[2009-02-13 10:54:06] core	INFO    Bootstrap, starting up...
[2009-02-13 10:54:09] core	INFO    Bootstrap, starting up...
[2009-02-13 10:54:11] core	INFO    Bootstrap, starting up...
[2009-02-13 10:54:13] core	INFO    Bootstrap, starting up...
[2009-02-13 10:54:29] core	INFO    Bootstrap, starting up...
[2009-02-13 10:54:45] core	INFO    Bootstrap, starting up...
[2009-02-13 10:55:09] core	INFO    Bootstrap, starting up...
[2009-02-13 10:55:26] core	INFO    Bootstrap, starting up...
[2009-02-13 10:55:26] services	INFO    Service initialised
[2009-02-13 10:55:26] services	INFO    Database initialised
[2009-02-13 10:55:26] services	DEBUG   Getting plugins by capabilities: console
[2009-02-13 10:55:26] services	DEBUG   Executing 'dummy': {'age': 12, 'message': 'FUCK', 'name': 'Louis'}
[2009-02-13 10:55:26] services	INFO    DummyPlugin
[2009-02-13 10:55:27] core	INFO    Bootstrap, starting up...
[2009-02-13 10:55:27] services	INFO    Service initialised
[2009-02-13 10:55:27] services	INFO    Database initialised
[2009-02-13 10:55:27] services	DEBUG   Getting plugins by capabilities: console
[2009-02-13 10:55:27] services	DEBUG   Executing 'dummy': {'age': 12, 'message': 'FUCK', 'name': 'Louis'}
[2009-02-13 10:55:27] services	INFO    DummyPlugin
